<?xml version="1.0" encoding="UTF-8"?>
<!-- Generated by org.testng.reporters.JUnitReportReporter -->
<testsuite hostname="DESKTOP-60NV4UB" failures="0" tests="2" name="Maven_TestNG.Maven_TestNG.NewTest" time="0.009" errors="0" timestamp="2023-03-28T16:13:06 IST" skipped="0">
  <testcase classname="Maven_TestNG.Maven_TestNG.NewTest" name="f" time="0.008"/>
  <system-out/>
  <testcase classname="Maven_TestNG.Maven_TestNG.NewTest" name="g" time="0.001"/>
  <system-out/>
</testsuite> <!-- Maven_TestNG.Maven_TestNG.NewTest -->
