<?xml version="1.0" encoding="UTF-8"?>
<!-- Generated by org.testng.reporters.JUnitReportReporter -->
<testsuite hostname="DESKTOP-60NV4UB" failures="0" tests="1" name="SuitListenerdemo.Testpack2" time="0.010" errors="0" timestamp="2023-03-31T13:28:04 IST" skipped="0">
  <testcase classname="SuitListenerdemo.Testpack2" name="Test_Pack" time="0.010"/>
  <system-out/>
</testsuite> <!-- SuitListenerdemo.Testpack2 -->
