<?xml version="1.0" encoding="UTF-8"?>
<!-- Generated by org.testng.reporters.JUnitReportReporter -->
<testsuite hostname="DESKTOP-60NV4UB" failures="0" tests="2" name="Dataprovider.dataproviderdemo" time="0.000" errors="0" timestamp="2023-04-22T17:42:32 IST" skipped="2">
  <testcase classname="Dataprovider.dataproviderdemo" name="testMethod" time="0.000">
    <skipped/>
  </testcase> <!-- testMethod -->
  <system-out/>
  <testcase classname="Dataprovider.dataproviderdemo" name="testMethod" time="0.000">
    <skipped/>
  </testcase> <!-- testMethod -->
  <system-out/>
</testsuite> <!-- Dataprovider.dataproviderdemo -->
