<?xml version="1.0" encoding="UTF-8"?>
<!-- Generated by org.testng.reporters.JUnitReportReporter -->
<testsuite hostname="DESKTOP-60NV4UB" failures="0" tests="5" name="ExtenedreportDemo.Extenedreport01" time="0.000" errors="0" timestamp="2023-04-22T17:42:32 IST" skipped="5">
  <testcase classname="ExtenedreportDemo.Extenedreport01" name="VeryfyTitle" time="0.000">
    <skipped/>
  </testcase> <!-- VeryfyTitle -->
  <system-out/>
  <testcase classname="ExtenedreportDemo.Extenedreport01" name="VeryfyLogo" time="0.000">
    <skipped/>
  </testcase> <!-- VeryfyLogo -->
  <system-out/>
  <testcase classname="ExtenedreportDemo.Extenedreport01" name="VeryfyUserName" time="0.000">
    <skipped/>
  </testcase> <!-- VeryfyUserName -->
  <system-out/>
  <testcase classname="ExtenedreportDemo.Extenedreport01" name="Launchbrowserandopenurl" time="0.000">
    <skipped/>
  </testcase> <!-- Launchbrowserandopenurl -->
  <system-out/>
  <testcase classname="ExtenedreportDemo.Extenedreport01" name="VeryfyEmail" time="0.000">
    <skipped/>
  </testcase> <!-- VeryfyEmail -->
  <system-out/>
</testsuite> <!-- ExtenedreportDemo.Extenedreport01 -->
