<?xml version="1.0" encoding="UTF-8"?>
<!-- Generated by org.testng.reporters.JUnitReportReporter -->
<testsuite hostname="DESKTOP-60NV4UB" failures="0" tests="3" name="Maven_TestNG.Maven_TestNG.TestCase1" time="5.831" errors="0" timestamp="2023-03-29T13:24:52 IST" skipped="0">
  <testcase classname="Maven_TestNG.Maven_TestNG.TestCase1" name="testcase2" time="1.011"/>
  <system-out/>
  <testcase classname="Maven_TestNG.Maven_TestNG.TestCase1" name="verifysupport" time="1.679"/>
  <system-out/>
  <testcase classname="Maven_TestNG.Maven_TestNG.TestCase1" name="testcase1" time="3.141"/>
  <system-out/>
</testsuite> <!-- Maven_TestNG.Maven_TestNG.TestCase1 -->
