<?xml version="1.0" encoding="UTF-8"?>
<!-- Generated by org.testng.reporters.JUnitReportReporter -->
<testsuite hostname="DESKTOP-60NV4UB" failures="0" tests="2" name="Annotation.TestDemo" time="0.006" errors="0" timestamp="2023-03-28T16:50:30 IST" skipped="0">
  <testcase classname="Annotation.TestDemo" name="newtest2" time="0.001"/>
  <system-out/>
  <testcase classname="Annotation.TestDemo" name="newtest1" time="0.005"/>
  <system-out/>
</testsuite> <!-- Annotation.TestDemo -->
