<?xml version="1.0" encoding="UTF-8"?>
<!-- Generated by org.testng.reporters.JUnitReportReporter -->
<testsuite hostname="DESKTOP-60NV4UB" failures="0" tests="1" name="isuitListenerdemo.Testpack1" time="0.000" errors="0" timestamp="2023-04-22T17:42:32 IST" skipped="1">
  <testcase classname="isuitListenerdemo.Testpack1" name="Test_Pack" time="0.000">
    <skipped/>
  </testcase> <!-- Test_Pack -->
  <system-out/>
</testsuite> <!-- isuitListenerdemo.Testpack1 -->
