<?xml version="1.0" encoding="UTF-8"?>
<!-- Generated by org.testng.reporters.JUnitReportReporter -->
<testsuite hostname="DESKTOP-60NV4UB" failures="0" tests="1" name="Maven_TestNG.Maven_TestNG.Reportlog" time="28.402" errors="0" timestamp="2023-03-30T17:51:25 IST" skipped="0">
  <testcase classname="Maven_TestNG.Maven_TestNG.Reportlog" name="f" time="28.402"/>
  <system-out>
    <![CDATA[Sitting up the driver and managing the xml file
Launching the browser 

Title of current page:YouTube]]>
  </system-out>
</testsuite> <!-- Maven_TestNG.Maven_TestNG.Reportlog -->
