<?xml version="1.0" encoding="UTF-8"?>
<!-- Generated by org.testng.reporters.JUnitReportReporter -->
<testsuite hostname="DESKTOP-60NV4UB" failures="0" tests="1" name="IInvokedmethodemo.TestDEmo1" time="0.012" errors="0" timestamp="2023-03-31T14:15:36 IST" skipped="0">
  <testcase classname="IInvokedmethodemo.TestDEmo1" name="testdemo" time="0.012"/>
  <system-out/>
</testsuite> <!-- IInvokedmethodemo.TestDEmo1 -->
