<?xml version="1.0" encoding="UTF-8"?>
<!-- Generated by org.testng.reporters.JUnitReportReporter -->
<testsuite hostname="DESKTOP-60NV4UB" failures="0" tests="1" name="Rerunautomation.Testcase" time="0.468" errors="0" timestamp="2023-03-31T17:27:15 IST" skipped="0">
  <testcase classname="Rerunautomation.Testcase" name="Testmethod" time="0.468"/>
  <system-out/>
</testsuite> <!-- Rerunautomation.Testcase -->
