<?xml version="1.0" encoding="UTF-8"?>
<!-- Generated by org.testng.reporters.JUnitReportReporter -->
<testsuite hostname="DESKTOP-60NV4UB" failures="0" tests="2" name="ParallelDemo.Paralleltest1" time="40.805" errors="0" timestamp="2023-03-30T10:01:56 IST" skipped="0">
  <testcase classname="ParallelDemo.Paralleltest1" name="test01" time="22.576"/>
  <system-out/>
  <testcase classname="ParallelDemo.Paralleltest1" name="test02" time="18.229"/>
  <system-out/>
</testsuite> <!-- ParallelDemo.Paralleltest1 -->
